<?xml version="1.0" encoding="UTF-8"?>
<testng-results ignored="0" total="2" passed="2" failed="0" skipped="0">
  <reporter-output>
  </reporter-output>
  <suite started-at="2024-06-25T14:41:23 AWST" name="Suite" finished-at="2024-06-25T14:41:33 AWST" duration-ms="9434">
    <groups>
    </groups>
    <test started-at="2024-06-25T14:41:23 AWST" name="Test" finished-at="2024-06-25T14:41:33 AWST" duration-ms="9434">
      <class name="testClasses.TestLoginPage">
        <test-method is-config="true" signature="setup()[pri:0, instance:testClasses.TestLoginPage@25641d39]" started-at="2024-06-25T14:41:24 AWST" name="setup" finished-at="2024-06-25T14:41:28 AWST" duration-ms="3991" status="PASS">
          <reporter-output>
          </reporter-output>
        </test-method> <!-- setup -->
        <test-method signature="login(java.lang.String,java.lang.String)[pri:0, instance:testClasses.TestLoginPage@25641d39]" started-at="2024-06-25T14:41:28 AWST" name="login" data-provider="login" finished-at="2024-06-25T14:41:29 AWST" duration-ms="503" status="PASS">
          <params>
            <param index="0">
              <value>
                <![CDATA[Kuteashok11@gmail.com     ]]>
              </value>
            </param>
            <param index="1">
              <value>
                <![CDATA[MakeSense24     ]]>
              </value>
            </param>
          </params>
          <reporter-output>
          </reporter-output>
        </test-method> <!-- login -->
        <test-method is-config="true" signature="setup()[pri:0, instance:testClasses.TestLoginPage@25641d39]" started-at="2024-06-25T14:41:29 AWST" name="setup" finished-at="2024-06-25T14:41:32 AWST" duration-ms="3328" status="PASS">
          <reporter-output>
          </reporter-output>
        </test-method> <!-- setup -->
        <test-method signature="login(java.lang.String,java.lang.String)[pri:0, instance:testClasses.TestLoginPage@25641d39]" started-at="2024-06-25T14:41:32 AWST" name="login" data-provider="login" finished-at="2024-06-25T14:41:33 AWST" duration-ms="472" status="PASS">
          <params>
            <param index="0">
              <value>
                <![CDATA[poojadhondkar97@gmail.com     ]]>
              </value>
            </param>
            <param index="1">
              <value>
                <![CDATA[Dhondkar@97     ]]>
              </value>
            </param>
          </params>
          <reporter-output>
          </reporter-output>
        </test-method> <!-- login -->
      </class> <!-- testClasses.TestLoginPage -->
    </test> <!-- Test -->
  </suite> <!-- Suite -->
</testng-results>
